06.08.2022 - 18:47:38 - [TAB v3.1.2] Failed to enable. Did you just invent a new way to break the plugin by misconfiguring it?
06.08.2022 - 18:47:38 - java.lang.ArrayIndexOutOfBoundsException: 1
06.08.2022 - 18:47:38 - 	at me.neznamy.tab.shared.features.layout.LayoutManager.loadLayouts(LayoutManager.java:69)
06.08.2022 - 18:47:38 - 	at me.neznamy.tab.shared.features.layout.LayoutManager.<init>(LayoutManager.java:32)
06.08.2022 - 18:47:38 - 	at me.neznamy.tab.shared.TAB.loadUniversalFeatures(TAB.java:238)
06.08.2022 - 18:47:38 - 	at me.neznamy.tab.platforms.bukkit.BukkitPlatform.loadFeatures(BukkitPlatform.java:97)
06.08.2022 - 18:47:38 - 	at me.neznamy.tab.shared.TAB.load(TAB.java:158)
06.08.2022 - 18:47:38 - 	at me.neznamy.tab.shared.command.ReloadCommand.execute(ReloadCommand.java:22)
06.08.2022 - 18:47:38 - 	at me.neznamy.tab.shared.command.TabCommand.execute(TabCommand.java:54)
06.08.2022 - 18:47:38 - 	at me.neznamy.tab.platforms.bukkit.Main$TABCommand.onCommand(Main.java:113)
06.08.2022 - 18:47:38 - 	at org.bukkit.command.PluginCommand.execute(PluginCommand.java:45)
06.08.2022 - 18:47:38 - 	at org.bukkit.command.SimpleCommandMap.dispatch(SimpleCommandMap.java:161)
06.08.2022 - 18:47:38 - 	at org.bukkit.craftbukkit.v1_8_R3.CraftServer.dispatchCommand(CraftServer.java:775)
06.08.2022 - 18:47:38 - 	at net.minecraft.server.v1_8_R3.PlayerConnection.handleCommand(PlayerConnection.java:1490)
06.08.2022 - 18:47:38 - 	at net.minecraft.server.v1_8_R3.PlayerConnection.a(PlayerConnection.java:1294)
06.08.2022 - 18:47:38 - 	at net.minecraft.server.v1_8_R3.PacketPlayInChat.a(PacketPlayInChat.java:56)
06.08.2022 - 18:47:38 - 	at net.minecraft.server.v1_8_R3.PacketPlayInChat.a(PacketPlayInChat.java:5)
06.08.2022 - 18:47:38 - 	at net.minecraft.server.v1_8_R3.PlayerConnectionUtils.lambda$ensureMainThread$0(PlayerConnectionUtils.java:7)
06.08.2022 - 18:47:38 - 	at java.util.concurrent.Executors$RunnableAdapter.call(Unknown Source)
06.08.2022 - 18:47:38 - 	at java.util.concurrent.FutureTask.run(Unknown Source)
06.08.2022 - 18:47:38 - 	at net.minecraft.server.v1_8_R3.SystemUtils.a(SourceFile:44)
06.08.2022 - 18:47:38 - 	at net.minecraft.server.v1_8_R3.MinecraftServer.B(MinecraftServer.java:918)
06.08.2022 - 18:47:38 - 	at net.minecraft.server.v1_8_R3.DedicatedServer.B(DedicatedServer.java:454)
06.08.2022 - 18:47:38 - 	at net.minecraft.server.v1_8_R3.MinecraftServer.A(MinecraftServer.java:854)
06.08.2022 - 18:47:38 - 	at net.minecraft.server.v1_8_R3.MinecraftServer.run(MinecraftServer.java:707)
06.08.2022 - 18:47:38 - 	at java.lang.Thread.run(Unknown Source)
06.08.2022 - 18:48:14 - [TAB v3.1.2] Failed to enable. Did you just invent a new way to break the plugin by misconfiguring it?
06.08.2022 - 18:48:14 - java.lang.ArrayIndexOutOfBoundsException: 1
06.08.2022 - 18:48:14 - 	at me.neznamy.tab.shared.features.layout.LayoutManager.loadLayouts(LayoutManager.java:69)
06.08.2022 - 18:48:14 - 	at me.neznamy.tab.shared.features.layout.LayoutManager.<init>(LayoutManager.java:32)
06.08.2022 - 18:48:14 - 	at me.neznamy.tab.shared.TAB.loadUniversalFeatures(TAB.java:238)
06.08.2022 - 18:48:14 - 	at me.neznamy.tab.platforms.bukkit.BukkitPlatform.loadFeatures(BukkitPlatform.java:97)
06.08.2022 - 18:48:14 - 	at me.neznamy.tab.shared.TAB.load(TAB.java:158)
06.08.2022 - 18:48:14 - 	at me.neznamy.tab.shared.command.DisabledCommand.execute(DisabledCommand.java:29)
06.08.2022 - 18:48:14 - 	at me.neznamy.tab.platforms.bukkit.Main$TABCommand.onCommand(Main.java:104)
06.08.2022 - 18:48:14 - 	at org.bukkit.command.PluginCommand.execute(PluginCommand.java:45)
06.08.2022 - 18:48:14 - 	at org.bukkit.command.SimpleCommandMap.dispatch(SimpleCommandMap.java:161)
06.08.2022 - 18:48:14 - 	at org.bukkit.craftbukkit.v1_8_R3.CraftServer.dispatchCommand(CraftServer.java:775)
06.08.2022 - 18:48:14 - 	at net.minecraft.server.v1_8_R3.PlayerConnection.handleCommand(PlayerConnection.java:1490)
06.08.2022 - 18:48:14 - 	at net.minecraft.server.v1_8_R3.PlayerConnection.a(PlayerConnection.java:1294)
06.08.2022 - 18:48:14 - 	at net.minecraft.server.v1_8_R3.PacketPlayInChat.a(PacketPlayInChat.java:56)
06.08.2022 - 18:48:14 - 	at net.minecraft.server.v1_8_R3.PacketPlayInChat.a(PacketPlayInChat.java:5)
06.08.2022 - 18:48:14 - 	at net.minecraft.server.v1_8_R3.PlayerConnectionUtils.lambda$ensureMainThread$0(PlayerConnectionUtils.java:7)
06.08.2022 - 18:48:14 - 	at java.util.concurrent.Executors$RunnableAdapter.call(Unknown Source)
06.08.2022 - 18:48:14 - 	at java.util.concurrent.FutureTask.run(Unknown Source)
06.08.2022 - 18:48:14 - 	at net.minecraft.server.v1_8_R3.SystemUtils.a(SourceFile:44)
06.08.2022 - 18:48:14 - 	at net.minecraft.server.v1_8_R3.MinecraftServer.B(MinecraftServer.java:918)
06.08.2022 - 18:48:14 - 	at net.minecraft.server.v1_8_R3.DedicatedServer.B(DedicatedServer.java:454)
06.08.2022 - 18:48:14 - 	at net.minecraft.server.v1_8_R3.MinecraftServer.A(MinecraftServer.java:854)
06.08.2022 - 18:48:14 - 	at net.minecraft.server.v1_8_R3.MinecraftServer.run(MinecraftServer.java:707)
06.08.2022 - 18:48:14 - 	at java.lang.Thread.run(Unknown Source)
06.08.2022 - 18:48:29 - [TAB v3.1.2] Failed to enable. Did you just invent a new way to break the plugin by misconfiguring it?
06.08.2022 - 18:48:29 - java.lang.ArrayIndexOutOfBoundsException: 1
06.08.2022 - 18:48:29 - 	at me.neznamy.tab.shared.features.layout.LayoutManager.loadLayouts(LayoutManager.java:69)
06.08.2022 - 18:48:29 - 	at me.neznamy.tab.shared.features.layout.LayoutManager.<init>(LayoutManager.java:32)
06.08.2022 - 18:48:29 - 	at me.neznamy.tab.shared.TAB.loadUniversalFeatures(TAB.java:238)
06.08.2022 - 18:48:29 - 	at me.neznamy.tab.platforms.bukkit.BukkitPlatform.loadFeatures(BukkitPlatform.java:97)
06.08.2022 - 18:48:29 - 	at me.neznamy.tab.shared.TAB.load(TAB.java:158)
06.08.2022 - 18:48:29 - 	at me.neznamy.tab.shared.command.DisabledCommand.execute(DisabledCommand.java:29)
06.08.2022 - 18:48:29 - 	at me.neznamy.tab.platforms.bukkit.Main$TABCommand.onCommand(Main.java:104)
06.08.2022 - 18:48:29 - 	at org.bukkit.command.PluginCommand.execute(PluginCommand.java:45)
06.08.2022 - 18:48:29 - 	at org.bukkit.command.SimpleCommandMap.dispatch(SimpleCommandMap.java:161)
06.08.2022 - 18:48:29 - 	at org.bukkit.craftbukkit.v1_8_R3.CraftServer.dispatchCommand(CraftServer.java:775)
06.08.2022 - 18:48:29 - 	at net.minecraft.server.v1_8_R3.PlayerConnection.handleCommand(PlayerConnection.java:1490)
06.08.2022 - 18:48:29 - 	at net.minecraft.server.v1_8_R3.PlayerConnection.a(PlayerConnection.java:1294)
06.08.2022 - 18:48:29 - 	at net.minecraft.server.v1_8_R3.PacketPlayInChat.a(PacketPlayInChat.java:56)
06.08.2022 - 18:48:29 - 	at net.minecraft.server.v1_8_R3.PacketPlayInChat.a(PacketPlayInChat.java:5)
06.08.2022 - 18:48:29 - 	at net.minecraft.server.v1_8_R3.PlayerConnectionUtils.lambda$ensureMainThread$0(PlayerConnectionUtils.java:7)
06.08.2022 - 18:48:29 - 	at java.util.concurrent.Executors$RunnableAdapter.call(Unknown Source)
06.08.2022 - 18:48:29 - 	at java.util.concurrent.FutureTask.run(Unknown Source)
06.08.2022 - 18:48:29 - 	at net.minecraft.server.v1_8_R3.SystemUtils.a(SourceFile:44)
06.08.2022 - 18:48:29 - 	at net.minecraft.server.v1_8_R3.MinecraftServer.B(MinecraftServer.java:918)
06.08.2022 - 18:48:29 - 	at net.minecraft.server.v1_8_R3.DedicatedServer.B(DedicatedServer.java:454)
06.08.2022 - 18:48:29 - 	at net.minecraft.server.v1_8_R3.MinecraftServer.A(MinecraftServer.java:854)
06.08.2022 - 18:48:29 - 	at net.minecraft.server.v1_8_R3.MinecraftServer.run(MinecraftServer.java:707)
06.08.2022 - 18:48:29 - 	at java.lang.Thread.run(Unknown Source)
06.08.2022 - 18:48:42 - [TAB v3.1.2] Failed to enable. Did you just invent a new way to break the plugin by misconfiguring it?
06.08.2022 - 18:48:42 - java.lang.ArrayIndexOutOfBoundsException: 1
06.08.2022 - 18:48:42 - 	at me.neznamy.tab.shared.features.layout.LayoutManager.loadLayouts(LayoutManager.java:69)
06.08.2022 - 18:48:42 - 	at me.neznamy.tab.shared.features.layout.LayoutManager.<init>(LayoutManager.java:32)
06.08.2022 - 18:48:42 - 	at me.neznamy.tab.shared.TAB.loadUniversalFeatures(TAB.java:238)
06.08.2022 - 18:48:42 - 	at me.neznamy.tab.platforms.bukkit.BukkitPlatform.loadFeatures(BukkitPlatform.java:97)
06.08.2022 - 18:48:42 - 	at me.neznamy.tab.shared.TAB.load(TAB.java:158)
06.08.2022 - 18:48:42 - 	at me.neznamy.tab.shared.command.DisabledCommand.execute(DisabledCommand.java:29)
06.08.2022 - 18:48:42 - 	at me.neznamy.tab.platforms.bukkit.Main$TABCommand.onCommand(Main.java:104)
06.08.2022 - 18:48:42 - 	at org.bukkit.command.PluginCommand.execute(PluginCommand.java:45)
06.08.2022 - 18:48:42 - 	at org.bukkit.command.SimpleCommandMap.dispatch(SimpleCommandMap.java:161)
06.08.2022 - 18:48:42 - 	at org.bukkit.craftbukkit.v1_8_R3.CraftServer.dispatchCommand(CraftServer.java:775)
06.08.2022 - 18:48:42 - 	at net.minecraft.server.v1_8_R3.PlayerConnection.handleCommand(PlayerConnection.java:1490)
06.08.2022 - 18:48:42 - 	at net.minecraft.server.v1_8_R3.PlayerConnection.a(PlayerConnection.java:1294)
06.08.2022 - 18:48:42 - 	at net.minecraft.server.v1_8_R3.PacketPlayInChat.a(PacketPlayInChat.java:56)
06.08.2022 - 18:48:42 - 	at net.minecraft.server.v1_8_R3.PacketPlayInChat.a(PacketPlayInChat.java:5)
06.08.2022 - 18:48:42 - 	at net.minecraft.server.v1_8_R3.PlayerConnectionUtils.lambda$ensureMainThread$0(PlayerConnectionUtils.java:7)
06.08.2022 - 18:48:42 - 	at java.util.concurrent.Executors$RunnableAdapter.call(Unknown Source)
06.08.2022 - 18:48:42 - 	at java.util.concurrent.FutureTask.run(Unknown Source)
06.08.2022 - 18:48:42 - 	at net.minecraft.server.v1_8_R3.SystemUtils.a(SourceFile:44)
06.08.2022 - 18:48:42 - 	at net.minecraft.server.v1_8_R3.MinecraftServer.B(MinecraftServer.java:918)
06.08.2022 - 18:48:42 - 	at net.minecraft.server.v1_8_R3.DedicatedServer.B(DedicatedServer.java:454)
06.08.2022 - 18:48:42 - 	at net.minecraft.server.v1_8_R3.MinecraftServer.A(MinecraftServer.java:854)
06.08.2022 - 18:48:42 - 	at net.minecraft.server.v1_8_R3.MinecraftServer.run(MinecraftServer.java:707)
06.08.2022 - 18:48:42 - 	at java.lang.Thread.run(Unknown Source)
06.08.2022 - 18:48:57 - [TAB v3.1.2] Failed to enable. Did you just invent a new way to break the plugin by misconfiguring it?
06.08.2022 - 18:48:57 - java.lang.ArrayIndexOutOfBoundsException: 1
06.08.2022 - 18:48:57 - 	at me.neznamy.tab.shared.features.layout.LayoutManager.loadLayouts(LayoutManager.java:69)
06.08.2022 - 18:48:57 - 	at me.neznamy.tab.shared.features.layout.LayoutManager.<init>(LayoutManager.java:32)
06.08.2022 - 18:48:57 - 	at me.neznamy.tab.shared.TAB.loadUniversalFeatures(TAB.java:238)
06.08.2022 - 18:48:57 - 	at me.neznamy.tab.platforms.bukkit.BukkitPlatform.loadFeatures(BukkitPlatform.java:97)
06.08.2022 - 18:48:57 - 	at me.neznamy.tab.shared.TAB.load(TAB.java:158)
06.08.2022 - 18:48:57 - 	at me.neznamy.tab.shared.command.DisabledCommand.execute(DisabledCommand.java:29)
06.08.2022 - 18:48:57 - 	at me.neznamy.tab.platforms.bukkit.Main$TABCommand.onCommand(Main.java:104)
06.08.2022 - 18:48:57 - 	at org.bukkit.command.PluginCommand.execute(PluginCommand.java:45)
06.08.2022 - 18:48:57 - 	at org.bukkit.command.SimpleCommandMap.dispatch(SimpleCommandMap.java:161)
06.08.2022 - 18:48:57 - 	at org.bukkit.craftbukkit.v1_8_R3.CraftServer.dispatchCommand(CraftServer.java:775)
06.08.2022 - 18:48:57 - 	at net.minecraft.server.v1_8_R3.PlayerConnection.handleCommand(PlayerConnection.java:1490)
06.08.2022 - 18:48:57 - 	at net.minecraft.server.v1_8_R3.PlayerConnection.a(PlayerConnection.java:1294)
06.08.2022 - 18:48:57 - 	at net.minecraft.server.v1_8_R3.PacketPlayInChat.a(PacketPlayInChat.java:56)
06.08.2022 - 18:48:57 - 	at net.minecraft.server.v1_8_R3.PacketPlayInChat.a(PacketPlayInChat.java:5)
06.08.2022 - 18:48:57 - 	at net.minecraft.server.v1_8_R3.PlayerConnectionUtils.lambda$ensureMainThread$0(PlayerConnectionUtils.java:7)
06.08.2022 - 18:48:57 - 	at java.util.concurrent.Executors$RunnableAdapter.call(Unknown Source)
06.08.2022 - 18:48:57 - 	at java.util.concurrent.FutureTask.run(Unknown Source)
06.08.2022 - 18:48:57 - 	at net.minecraft.server.v1_8_R3.SystemUtils.a(SourceFile:44)
06.08.2022 - 18:48:57 - 	at net.minecraft.server.v1_8_R3.MinecraftServer.B(MinecraftServer.java:918)
06.08.2022 - 18:48:57 - 	at net.minecraft.server.v1_8_R3.DedicatedServer.B(DedicatedServer.java:454)
06.08.2022 - 18:48:57 - 	at net.minecraft.server.v1_8_R3.MinecraftServer.A(MinecraftServer.java:854)
06.08.2022 - 18:48:57 - 	at net.minecraft.server.v1_8_R3.MinecraftServer.run(MinecraftServer.java:707)
06.08.2022 - 18:48:57 - 	at java.lang.Thread.run(Unknown Source)
06.08.2022 - 19:06:26 - [TAB v3.1.2] Failed to enable. Did you just invent a new way to break the plugin by misconfiguring it?
06.08.2022 - 19:06:26 - java.lang.ArrayIndexOutOfBoundsException: 1
06.08.2022 - 19:06:26 - 	at me.neznamy.tab.shared.features.layout.LayoutManager.loadLayouts(LayoutManager.java:69)
06.08.2022 - 19:06:26 - 	at me.neznamy.tab.shared.features.layout.LayoutManager.<init>(LayoutManager.java:32)
06.08.2022 - 19:06:26 - 	at me.neznamy.tab.shared.TAB.loadUniversalFeatures(TAB.java:238)
06.08.2022 - 19:06:26 - 	at me.neznamy.tab.platforms.bukkit.BukkitPlatform.loadFeatures(BukkitPlatform.java:97)
06.08.2022 - 19:06:26 - 	at me.neznamy.tab.shared.TAB.load(TAB.java:158)
06.08.2022 - 19:06:26 - 	at me.neznamy.tab.shared.command.ReloadCommand.execute(ReloadCommand.java:22)
06.08.2022 - 19:06:26 - 	at me.neznamy.tab.shared.command.TabCommand.execute(TabCommand.java:54)
06.08.2022 - 19:06:26 - 	at me.neznamy.tab.platforms.bukkit.Main$TABCommand.onCommand(Main.java:113)
06.08.2022 - 19:06:26 - 	at org.bukkit.command.PluginCommand.execute(PluginCommand.java:45)
06.08.2022 - 19:06:26 - 	at org.bukkit.command.SimpleCommandMap.dispatch(SimpleCommandMap.java:161)
06.08.2022 - 19:06:26 - 	at org.bukkit.craftbukkit.v1_8_R3.CraftServer.dispatchCommand(CraftServer.java:775)
06.08.2022 - 19:06:26 - 	at net.minecraft.server.v1_8_R3.PlayerConnection.handleCommand(PlayerConnection.java:1490)
06.08.2022 - 19:06:26 - 	at net.minecraft.server.v1_8_R3.PlayerConnection.a(PlayerConnection.java:1294)
06.08.2022 - 19:06:26 - 	at net.minecraft.server.v1_8_R3.PacketPlayInChat.a(PacketPlayInChat.java:56)
06.08.2022 - 19:06:26 - 	at net.minecraft.server.v1_8_R3.PacketPlayInChat.a(PacketPlayInChat.java:5)
06.08.2022 - 19:06:26 - 	at net.minecraft.server.v1_8_R3.PlayerConnectionUtils.lambda$ensureMainThread$0(PlayerConnectionUtils.java:7)
06.08.2022 - 19:06:26 - 	at java.util.concurrent.Executors$RunnableAdapter.call(Unknown Source)
06.08.2022 - 19:06:26 - 	at java.util.concurrent.FutureTask.run(Unknown Source)
06.08.2022 - 19:06:26 - 	at net.minecraft.server.v1_8_R3.SystemUtils.a(SourceFile:44)
06.08.2022 - 19:06:26 - 	at net.minecraft.server.v1_8_R3.MinecraftServer.B(MinecraftServer.java:918)
06.08.2022 - 19:06:26 - 	at net.minecraft.server.v1_8_R3.DedicatedServer.B(DedicatedServer.java:454)
06.08.2022 - 19:06:26 - 	at net.minecraft.server.v1_8_R3.MinecraftServer.A(MinecraftServer.java:854)
06.08.2022 - 19:06:26 - 	at net.minecraft.server.v1_8_R3.MinecraftServer.run(MinecraftServer.java:707)
06.08.2022 - 19:06:26 - 	at java.lang.Thread.run(Unknown Source)
