11.11.2023 - 19:58:30 - [TAB v4.0.9] Player placeholder %vault_eco_balance_commas% generated an error when setting for player ItzOverWolf
11.11.2023 - 19:58:30 - java.lang.RuntimeException: Essentials API is called before Essentials is loaded.
11.11.2023 - 19:58:30 - 	at EssentialsX-2.21.0-dev+19-3eceec8.jar//com.earth2me.essentials.api.Economy.getUserByUUID(Economy.java:109)
11.11.2023 - 19:58:30 - 	at EssentialsX-2.21.0-dev+19-3eceec8.jar//com.earth2me.essentials.api.Economy.getMoneyExact(Economy.java:160)
11.11.2023 - 19:58:30 - 	at EssentialsX-2.21.0-dev+19-3eceec8.jar//com.earth2me.essentials.economy.vault.VaultEconomyProvider.getBalance(VaultEconomyProvider.java:116)
11.11.2023 - 19:58:30 - 	at at.helpch.placeholderapi.expansion.vault.EconomyHook.getBalance(EconomyHook.java:38)
11.11.2023 - 19:58:30 - 	at at.helpch.placeholderapi.expansion.vault.EconomyHook.onRequest(EconomyHook.java:101)
11.11.2023 - 19:58:30 - 	at at.helpch.placeholderapi.expansion.vault.VaultExpansion.onRequest(VaultExpansion.java:69)
11.11.2023 - 19:58:30 - 	at PlaceholderAPI-2.11.5.jar//me.clip.placeholderapi.replacer.CharsReplacer.apply(CharsReplacer.java:119)
11.11.2023 - 19:58:30 - 	at PlaceholderAPI-2.11.5.jar//me.clip.placeholderapi.PlaceholderAPI.setPlaceholders(PlaceholderAPI.java:71)
11.11.2023 - 19:58:30 - 	at PlaceholderAPI-2.11.5.jar//me.clip.placeholderapi.PlaceholderAPI.setPlaceholders(PlaceholderAPI.java:99)
11.11.2023 - 19:58:30 - 	at TAB v4.0.9.jar//me.neznamy.tab.platforms.bukkit.platform.BukkitPlatform.lambda$registerUnknownPlaceholder$7(BukkitPlatform.java:161)
11.11.2023 - 19:58:30 - 	at TAB v4.0.9.jar//me.neznamy.tab.shared.placeholders.PlayerPlaceholderImpl.request(PlayerPlaceholderImpl.java:146)
11.11.2023 - 19:58:30 - 	at TAB v4.0.9.jar//me.neznamy.tab.shared.placeholders.PlayerPlaceholderImpl.update(PlayerPlaceholderImpl.java:52)
11.11.2023 - 19:58:30 - 	at TAB v4.0.9.jar//me.neznamy.tab.shared.features.PlaceholderManagerImpl.updatePlayerPlaceholder(PlaceholderManagerImpl.java:120)
11.11.2023 - 19:58:30 - 	at TAB v4.0.9.jar//me.neznamy.tab.shared.features.PlaceholderManagerImpl.refresh(PlaceholderManagerImpl.java:67)
11.11.2023 - 19:58:30 - 	at TAB v4.0.9.jar//me.neznamy.tab.shared.cpu.CpuManager.lambda$enable$1(CpuManager.java:77)
11.11.2023 - 19:58:30 - 	at TAB v4.0.9.jar//me.neznamy.tab.shared.cpu.CpuManager.run(CpuManager.java:173)
11.11.2023 - 19:58:30 - 	at TAB v4.0.9.jar//me.neznamy.tab.shared.cpu.CpuManager.lambda$enable$2(CpuManager.java:75)
11.11.2023 - 19:58:30 - 	at java.base/java.util.concurrent.Executors$RunnableAdapter.call(Executors.java:539)
11.11.2023 - 19:58:30 - 	at java.base/java.util.concurrent.FutureTask.runAndReset(FutureTask.java:305)
11.11.2023 - 19:58:30 - 	at java.base/java.util.concurrent.ScheduledThreadPoolExecutor$ScheduledFutureTask.run(ScheduledThreadPoolExecutor.java:305)
11.11.2023 - 19:58:30 - 	at java.base/java.util.concurrent.ThreadPoolExecutor.runWorker(ThreadPoolExecutor.java:1136)
11.11.2023 - 19:58:30 - 	at java.base/java.util.concurrent.ThreadPoolExecutor$Worker.run(ThreadPoolExecutor.java:635)
11.11.2023 - 19:58:30 - 	at java.base/java.lang.Thread.run(Thread.java:833)
14.11.2023 - 11:25:36 - [TAB v4.0.9] Player placeholder %vault_eco_balance_formatted% generated an error when setting for player ItzOverWolf
14.11.2023 - 11:25:36 - java.lang.RuntimeException: Essentials API is called before Essentials is loaded.
14.11.2023 - 11:25:36 - 	at EssentialsX-2.21.0-dev+19-3eceec8.jar//com.earth2me.essentials.api.Economy.getUserByUUID(Economy.java:109)
14.11.2023 - 11:25:36 - 	at EssentialsX-2.21.0-dev+19-3eceec8.jar//com.earth2me.essentials.api.Economy.getMoneyExact(Economy.java:160)
14.11.2023 - 11:25:36 - 	at EssentialsX-2.21.0-dev+19-3eceec8.jar//com.earth2me.essentials.economy.vault.VaultEconomyProvider.getBalance(VaultEconomyProvider.java:116)
14.11.2023 - 11:25:36 - 	at at.helpch.placeholderapi.expansion.vault.EconomyHook.getBalance(EconomyHook.java:38)
14.11.2023 - 11:25:36 - 	at at.helpch.placeholderapi.expansion.vault.EconomyHook.onRequest(EconomyHook.java:101)
14.11.2023 - 11:25:36 - 	at at.helpch.placeholderapi.expansion.vault.VaultExpansion.onRequest(VaultExpansion.java:69)
14.11.2023 - 11:25:36 - 	at PlaceholderAPI-2.11.5.jar//me.clip.placeholderapi.replacer.CharsReplacer.apply(CharsReplacer.java:119)
14.11.2023 - 11:25:36 - 	at PlaceholderAPI-2.11.5.jar//me.clip.placeholderapi.PlaceholderAPI.setPlaceholders(PlaceholderAPI.java:71)
14.11.2023 - 11:25:36 - 	at PlaceholderAPI-2.11.5.jar//me.clip.placeholderapi.PlaceholderAPI.setPlaceholders(PlaceholderAPI.java:99)
14.11.2023 - 11:25:36 - 	at TAB v4.0.9.jar//me.neznamy.tab.platforms.bukkit.platform.BukkitPlatform.lambda$registerUnknownPlaceholder$7(BukkitPlatform.java:161)
14.11.2023 - 11:25:36 - 	at TAB v4.0.9.jar//me.neznamy.tab.shared.placeholders.PlayerPlaceholderImpl.request(PlayerPlaceholderImpl.java:146)
14.11.2023 - 11:25:36 - 	at TAB v4.0.9.jar//me.neznamy.tab.shared.placeholders.PlayerPlaceholderImpl.update(PlayerPlaceholderImpl.java:52)
14.11.2023 - 11:25:36 - 	at TAB v4.0.9.jar//me.neznamy.tab.shared.features.PlaceholderManagerImpl.updatePlayerPlaceholder(PlaceholderManagerImpl.java:120)
14.11.2023 - 11:25:36 - 	at TAB v4.0.9.jar//me.neznamy.tab.shared.features.PlaceholderManagerImpl.refresh(PlaceholderManagerImpl.java:67)
14.11.2023 - 11:25:36 - 	at TAB v4.0.9.jar//me.neznamy.tab.shared.cpu.CpuManager.lambda$enable$1(CpuManager.java:77)
14.11.2023 - 11:25:36 - 	at TAB v4.0.9.jar//me.neznamy.tab.shared.cpu.CpuManager.run(CpuManager.java:173)
14.11.2023 - 11:25:36 - 	at TAB v4.0.9.jar//me.neznamy.tab.shared.cpu.CpuManager.lambda$enable$2(CpuManager.java:75)
14.11.2023 - 11:25:36 - 	at java.base/java.util.concurrent.Executors$RunnableAdapter.call(Executors.java:539)
14.11.2023 - 11:25:36 - 	at java.base/java.util.concurrent.FutureTask.runAndReset(FutureTask.java:305)
14.11.2023 - 11:25:36 - 	at java.base/java.util.concurrent.ScheduledThreadPoolExecutor$ScheduledFutureTask.run(ScheduledThreadPoolExecutor.java:305)
14.11.2023 - 11:25:36 - 	at java.base/java.util.concurrent.ThreadPoolExecutor.runWorker(ThreadPoolExecutor.java:1136)
14.11.2023 - 11:25:36 - 	at java.base/java.util.concurrent.ThreadPoolExecutor$Worker.run(ThreadPoolExecutor.java:635)
14.11.2023 - 11:25:36 - 	at java.base/java.lang.Thread.run(Thread.java:833)
14.11.2023 - 20:36:38 - [TAB v4.0.9] Player placeholder %vault_eco_balance_formatted% generated an error when setting for player ItzOverWolf
14.11.2023 - 20:36:38 - java.lang.RuntimeException: Essentials API is called before Essentials is loaded.
14.11.2023 - 20:36:38 - 	at EssentialsX-2.21.0-dev+19-3eceec8.jar//com.earth2me.essentials.api.Economy.getUserByUUID(Economy.java:109)
14.11.2023 - 20:36:38 - 	at EssentialsX-2.21.0-dev+19-3eceec8.jar//com.earth2me.essentials.api.Economy.getMoneyExact(Economy.java:160)
14.11.2023 - 20:36:38 - 	at EssentialsX-2.21.0-dev+19-3eceec8.jar//com.earth2me.essentials.economy.vault.VaultEconomyProvider.getBalance(VaultEconomyProvider.java:116)
14.11.2023 - 20:36:38 - 	at at.helpch.placeholderapi.expansion.vault.EconomyHook.getBalance(EconomyHook.java:38)
14.11.2023 - 20:36:38 - 	at at.helpch.placeholderapi.expansion.vault.EconomyHook.onRequest(EconomyHook.java:101)
14.11.2023 - 20:36:38 - 	at at.helpch.placeholderapi.expansion.vault.VaultExpansion.onRequest(VaultExpansion.java:69)
14.11.2023 - 20:36:38 - 	at PlaceholderAPI-2.11.5.jar//me.clip.placeholderapi.replacer.CharsReplacer.apply(CharsReplacer.java:119)
14.11.2023 - 20:36:38 - 	at PlaceholderAPI-2.11.5.jar//me.clip.placeholderapi.PlaceholderAPI.setPlaceholders(PlaceholderAPI.java:71)
14.11.2023 - 20:36:38 - 	at PlaceholderAPI-2.11.5.jar//me.clip.placeholderapi.PlaceholderAPI.setPlaceholders(PlaceholderAPI.java:99)
14.11.2023 - 20:36:38 - 	at TAB v4.0.9.jar//me.neznamy.tab.platforms.bukkit.platform.BukkitPlatform.lambda$registerUnknownPlaceholder$7(BukkitPlatform.java:161)
14.11.2023 - 20:36:38 - 	at TAB v4.0.9.jar//me.neznamy.tab.shared.placeholders.PlayerPlaceholderImpl.request(PlayerPlaceholderImpl.java:146)
14.11.2023 - 20:36:38 - 	at TAB v4.0.9.jar//me.neznamy.tab.shared.placeholders.PlayerPlaceholderImpl.update(PlayerPlaceholderImpl.java:52)
14.11.2023 - 20:36:38 - 	at TAB v4.0.9.jar//me.neznamy.tab.shared.features.PlaceholderManagerImpl.updatePlayerPlaceholder(PlaceholderManagerImpl.java:120)
14.11.2023 - 20:36:38 - 	at TAB v4.0.9.jar//me.neznamy.tab.shared.features.PlaceholderManagerImpl.refresh(PlaceholderManagerImpl.java:67)
14.11.2023 - 20:36:38 - 	at TAB v4.0.9.jar//me.neznamy.tab.shared.cpu.CpuManager.lambda$enable$1(CpuManager.java:77)
14.11.2023 - 20:36:38 - 	at TAB v4.0.9.jar//me.neznamy.tab.shared.cpu.CpuManager.run(CpuManager.java:173)
14.11.2023 - 20:36:38 - 	at TAB v4.0.9.jar//me.neznamy.tab.shared.cpu.CpuManager.lambda$enable$2(CpuManager.java:75)
14.11.2023 - 20:36:38 - 	at java.base/java.util.concurrent.Executors$RunnableAdapter.call(Executors.java:539)
14.11.2023 - 20:36:38 - 	at java.base/java.util.concurrent.FutureTask.runAndReset(FutureTask.java:305)
14.11.2023 - 20:36:38 - 	at java.base/java.util.concurrent.ScheduledThreadPoolExecutor$ScheduledFutureTask.run(ScheduledThreadPoolExecutor.java:305)
14.11.2023 - 20:36:38 - 	at java.base/java.util.concurrent.ThreadPoolExecutor.runWorker(ThreadPoolExecutor.java:1136)
14.11.2023 - 20:36:38 - 	at java.base/java.util.concurrent.ThreadPoolExecutor$Worker.run(ThreadPoolExecutor.java:635)
14.11.2023 - 20:36:38 - 	at java.base/java.lang.Thread.run(Thread.java:833)
15.11.2023 - 13:38:10 - [TAB v4.0.9] Player placeholder %vault_eco_balance_formatted% generated an error when setting for player ItzOverWolf
15.11.2023 - 13:38:10 - java.lang.RuntimeException: Essentials API is called before Essentials is loaded.
15.11.2023 - 13:38:10 - 	at EssentialsX-2.21.0-dev+19-3eceec8.jar//com.earth2me.essentials.api.Economy.getUserByUUID(Economy.java:109)
15.11.2023 - 13:38:10 - 	at EssentialsX-2.21.0-dev+19-3eceec8.jar//com.earth2me.essentials.api.Economy.getMoneyExact(Economy.java:160)
15.11.2023 - 13:38:10 - 	at EssentialsX-2.21.0-dev+19-3eceec8.jar//com.earth2me.essentials.economy.vault.VaultEconomyProvider.getBalance(VaultEconomyProvider.java:116)
15.11.2023 - 13:38:10 - 	at at.helpch.placeholderapi.expansion.vault.EconomyHook.getBalance(EconomyHook.java:38)
15.11.2023 - 13:38:10 - 	at at.helpch.placeholderapi.expansion.vault.EconomyHook.onRequest(EconomyHook.java:101)
15.11.2023 - 13:38:10 - 	at at.helpch.placeholderapi.expansion.vault.VaultExpansion.onRequest(VaultExpansion.java:69)
15.11.2023 - 13:38:10 - 	at PlaceholderAPI-2.11.5.jar//me.clip.placeholderapi.replacer.CharsReplacer.apply(CharsReplacer.java:119)
15.11.2023 - 13:38:10 - 	at PlaceholderAPI-2.11.5.jar//me.clip.placeholderapi.PlaceholderAPI.setPlaceholders(PlaceholderAPI.java:71)
15.11.2023 - 13:38:10 - 	at PlaceholderAPI-2.11.5.jar//me.clip.placeholderapi.PlaceholderAPI.setPlaceholders(PlaceholderAPI.java:99)
15.11.2023 - 13:38:10 - 	at TAB v4.0.9.jar//me.neznamy.tab.platforms.bukkit.platform.BukkitPlatform.lambda$registerUnknownPlaceholder$7(BukkitPlatform.java:161)
15.11.2023 - 13:38:10 - 	at TAB v4.0.9.jar//me.neznamy.tab.shared.placeholders.PlayerPlaceholderImpl.request(PlayerPlaceholderImpl.java:146)
15.11.2023 - 13:38:10 - 	at TAB v4.0.9.jar//me.neznamy.tab.shared.placeholders.PlayerPlaceholderImpl.update(PlayerPlaceholderImpl.java:52)
15.11.2023 - 13:38:10 - 	at TAB v4.0.9.jar//me.neznamy.tab.shared.features.PlaceholderManagerImpl.updatePlayerPlaceholder(PlaceholderManagerImpl.java:120)
15.11.2023 - 13:38:10 - 	at TAB v4.0.9.jar//me.neznamy.tab.shared.features.PlaceholderManagerImpl.refresh(PlaceholderManagerImpl.java:67)
15.11.2023 - 13:38:10 - 	at TAB v4.0.9.jar//me.neznamy.tab.shared.cpu.CpuManager.lambda$enable$1(CpuManager.java:77)
15.11.2023 - 13:38:10 - 	at TAB v4.0.9.jar//me.neznamy.tab.shared.cpu.CpuManager.run(CpuManager.java:173)
15.11.2023 - 13:38:10 - 	at TAB v4.0.9.jar//me.neznamy.tab.shared.cpu.CpuManager.lambda$enable$2(CpuManager.java:75)
15.11.2023 - 13:38:10 - 	at java.base/java.util.concurrent.Executors$RunnableAdapter.call(Executors.java:539)
15.11.2023 - 13:38:10 - 	at java.base/java.util.concurrent.FutureTask.runAndReset(FutureTask.java:305)
15.11.2023 - 13:38:10 - 	at java.base/java.util.concurrent.ScheduledThreadPoolExecutor$ScheduledFutureTask.run(ScheduledThreadPoolExecutor.java:305)
15.11.2023 - 13:38:10 - 	at java.base/java.util.concurrent.ThreadPoolExecutor.runWorker(ThreadPoolExecutor.java:1136)
15.11.2023 - 13:38:10 - 	at java.base/java.util.concurrent.ThreadPoolExecutor$Worker.run(ThreadPoolExecutor.java:635)
15.11.2023 - 13:38:10 - 	at java.base/java.lang.Thread.run(Thread.java:833)
15.11.2023 - 13:38:10 - [TAB v4.0.9] Player placeholder %vault_eco_balance_commas% generated an error when setting for player ItzOverWolf
15.11.2023 - 13:38:10 - java.lang.RuntimeException: Essentials API is called before Essentials is loaded.
15.11.2023 - 13:38:10 - 	at EssentialsX-2.21.0-dev+19-3eceec8.jar//com.earth2me.essentials.api.Economy.getUserByUUID(Economy.java:109)
15.11.2023 - 13:38:10 - 	at EssentialsX-2.21.0-dev+19-3eceec8.jar//com.earth2me.essentials.api.Economy.getMoneyExact(Economy.java:160)
15.11.2023 - 13:38:10 - 	at EssentialsX-2.21.0-dev+19-3eceec8.jar//com.earth2me.essentials.economy.vault.VaultEconomyProvider.getBalance(VaultEconomyProvider.java:116)
15.11.2023 - 13:38:10 - 	at at.helpch.placeholderapi.expansion.vault.EconomyHook.getBalance(EconomyHook.java:38)
15.11.2023 - 13:38:10 - 	at at.helpch.placeholderapi.expansion.vault.EconomyHook.onRequest(EconomyHook.java:101)
15.11.2023 - 13:38:10 - 	at at.helpch.placeholderapi.expansion.vault.VaultExpansion.onRequest(VaultExpansion.java:69)
15.11.2023 - 13:38:10 - 	at PlaceholderAPI-2.11.5.jar//me.clip.placeholderapi.replacer.CharsReplacer.apply(CharsReplacer.java:119)
15.11.2023 - 13:38:10 - 	at PlaceholderAPI-2.11.5.jar//me.clip.placeholderapi.PlaceholderAPI.setPlaceholders(PlaceholderAPI.java:71)
15.11.2023 - 13:38:10 - 	at PlaceholderAPI-2.11.5.jar//me.clip.placeholderapi.PlaceholderAPI.setPlaceholders(PlaceholderAPI.java:99)
15.11.2023 - 13:38:10 - 	at TAB v4.0.9.jar//me.neznamy.tab.platforms.bukkit.platform.BukkitPlatform.lambda$registerUnknownPlaceholder$7(BukkitPlatform.java:161)
15.11.2023 - 13:38:10 - 	at TAB v4.0.9.jar//me.neznamy.tab.shared.placeholders.PlayerPlaceholderImpl.request(PlayerPlaceholderImpl.java:146)
15.11.2023 - 13:38:10 - 	at TAB v4.0.9.jar//me.neznamy.tab.shared.placeholders.PlayerPlaceholderImpl.update(PlayerPlaceholderImpl.java:52)
15.11.2023 - 13:38:10 - 	at TAB v4.0.9.jar//me.neznamy.tab.shared.features.PlaceholderManagerImpl.updatePlayerPlaceholder(PlaceholderManagerImpl.java:120)
15.11.2023 - 13:38:10 - 	at TAB v4.0.9.jar//me.neznamy.tab.shared.features.PlaceholderManagerImpl.refresh(PlaceholderManagerImpl.java:67)
15.11.2023 - 13:38:10 - 	at TAB v4.0.9.jar//me.neznamy.tab.shared.cpu.CpuManager.lambda$enable$1(CpuManager.java:77)
15.11.2023 - 13:38:10 - 	at TAB v4.0.9.jar//me.neznamy.tab.shared.cpu.CpuManager.run(CpuManager.java:173)
15.11.2023 - 13:38:10 - 	at TAB v4.0.9.jar//me.neznamy.tab.shared.cpu.CpuManager.lambda$enable$2(CpuManager.java:75)
15.11.2023 - 13:38:10 - 	at java.base/java.util.concurrent.Executors$RunnableAdapter.call(Executors.java:539)
15.11.2023 - 13:38:10 - 	at java.base/java.util.concurrent.FutureTask.runAndReset(FutureTask.java:305)
15.11.2023 - 13:38:10 - 	at java.base/java.util.concurrent.ScheduledThreadPoolExecutor$ScheduledFutureTask.run(ScheduledThreadPoolExecutor.java:305)
15.11.2023 - 13:38:10 - 	at java.base/java.util.concurrent.ThreadPoolExecutor.runWorker(ThreadPoolExecutor.java:1136)
15.11.2023 - 13:38:10 - 	at java.base/java.util.concurrent.ThreadPoolExecutor$Worker.run(ThreadPoolExecutor.java:635)
15.11.2023 - 13:38:10 - 	at java.base/java.lang.Thread.run(Thread.java:833)
