[16:30:03] [ServerMain/INFO]: Environment: authHost='https://authserver.mojang.com', accountsHost='https://api.mojang.com', sessionHost='https://sessionserver.mojang.com', servicesHost='https://api.minecraftservices.com', name='PROD'
[16:30:05] [ServerMain/INFO]: Loaded 7 recipes
[16:30:06] [Server thread/INFO]: Starting minecraft server version 1.20.1
[16:30:06] [Server thread/INFO]: Loading properties
[16:30:06] [Server thread/INFO]: This server is running Paper version git-Paper-196 (MC: 1.20.1) (Implementing API version 1.20.1-R0.1-SNAPSHOT) (Git: 773dd72)
[16:30:07] [Server thread/INFO]: Server Ping Player Sample Count: 12
[16:30:07] [Server thread/INFO]: Using 4 threads for Netty based IO
[16:30:07] [Server thread/WARN]: [!] The timings profiler has been enabled but has been scheduled for removal from Paper in the future.
    We recommend installing the spark profiler as a replacement: https://spark.lucko.me/
    For more information please visit: https://github.com/PaperMC/Paper/issues/8948
[16:30:07] [Server thread/INFO]: [ChunkTaskScheduler] Chunk system is using 1 I/O threads, 1 worker threads, and gen parallelism of 1 threads
[16:30:07] [Server thread/INFO]: Default game type: ADVENTURE
[16:30:07] [Server thread/INFO]: Generating keypair
[16:30:08] [Server thread/INFO]: Starting Minecraft server on *:25565
[16:30:08] [Server thread/INFO]: Using epoll channel type
[16:30:08] [Server thread/INFO]: Paper: Using libdeflate (Linux x86_64) compression from Velocity.
[16:30:08] [Server thread/INFO]: Paper: Using OpenSSL 1.1.x (Linux x86_64) cipher from Velocity.
[16:30:08] [Server thread/INFO]: [ViaVersion] Loading server plugin ViaVersion v4.9.3
[16:30:08] [Server thread/INFO]: [ViaVersion] ViaVersion 4.9.3 is now loaded. Registering protocol transformers and injecting...
[16:30:09] [Via-Mappingloader-0/INFO]: [ViaVersion] Loading block connection mappings ...
[16:30:09] [Server thread/INFO]: [ViaBackwards] Loading translations...
[16:30:09] [Server thread/INFO]: [ViaBackwards] Registering protocols...
[16:30:09] [Via-Mappingloader-0/INFO]: [ViaVersion] Using FastUtil Long2ObjectOpenHashMap for block connections
[16:30:10] [Server thread/INFO]: [LuckPerms] Loading server plugin LuckPerms v5.4.131
[16:30:10] [Server thread/INFO]: [PlaceholderAPI] Loading server plugin PlaceholderAPI v2.11.6
[16:30:10] [Server thread/INFO]: [ViaBackwards] Loading server plugin ViaBackwards v4.9.2
[16:30:10] [Server thread/INFO]: [Vault] Loading server plugin Vault v1.7.3-b131
[16:30:10] [Server thread/INFO]: [DeluxeHub] Loading server plugin DeluxeHub v3.5.5
[16:30:10] [Server thread/INFO]: [ViaRewind] Loading server plugin ViaRewind v3.0.6
[16:30:10] [Server thread/INFO]: [Essentials] Loading server plugin Essentials v2.20.1
[16:30:10] [Server thread/INFO]: [ViaRewind-Legacy-Support] Loading server plugin ViaRewind-Legacy-Support v1.4.2
[16:30:10] [Server thread/INFO]: [Citizens] Loading server plugin Citizens v2.0.29-SNAPSHOT (build 2500)
[16:30:10] [Server thread/INFO]: [TAB] Loading server plugin TAB v5.0.7
[16:30:10] [Server thread/INFO]: [EssentialsSpawn] Loading server plugin EssentialsSpawn v2.20.1
[16:30:10] [Server thread/INFO]: [EssentialsChat] Loading server plugin EssentialsChat v2.20.1
[16:30:10] [Server thread/INFO]: [GadgetsMenu] Loading server plugin GadgetsMenu v4.17.0
[16:30:10] [Server thread/INFO]: Server permissions file permissions.yml is empty, ignoring it
[16:30:10] [Server thread/INFO]: [LuckPerms] Enabling LuckPerms v5.4.131
[16:30:11] [Server thread/INFO]:         __    
[16:30:11] [Server thread/INFO]:   |    |__)   LuckPerms v5.4.131
[16:30:11] [Server thread/INFO]:   |___ |      Running on Bukkit - Paper
[16:30:11] [Server thread/INFO]: 
[16:30:11] [Server thread/INFO]: [LuckPerms] Loading configuration...
[16:30:11] [Server thread/INFO]: [LuckPerms] Loading storage provider... [H2]
[16:30:11] [Server thread/INFO]: [LuckPerms] Loading internal permission managers...
[16:30:11] [Server thread/INFO]: [LuckPerms] Performing initial data load...
[16:30:12] [Server thread/INFO]: [LuckPerms] Successfully enabled. (took 1787ms)
[16:30:12] [Server thread/INFO]: [Vault] Enabling Vault v1.7.3-b131
[16:30:12] [Server thread/INFO]: [Vault] [Economy] Essentials Economy found: Waiting
[16:30:12] [Server thread/INFO]: [Vault] [Permission] SuperPermissions loaded as backup permission system.
[16:30:12] [Server thread/INFO]: [Vault] Enabled Version 1.7.3-b131
[16:30:12] [Server thread/INFO]: [LuckPerms] Registered Vault permission & chat hook.
[16:30:12] [Server thread/INFO]: [ViaRewind] Enabling ViaRewind v3.0.6
[16:30:12] [Server thread/WARN]: **** SERVER IS RUNNING IN OFFLINE/INSECURE MODE!
[16:30:12] [Server thread/WARN]: The server will make no attempt to authenticate usernames. Beware.
[16:30:12] [Server thread/WARN]: While this makes the game possible to play without internet access, it also opens up the ability for hackers to connect with any username they choose.
[16:30:12] [Server thread/WARN]: To change this, set "online-mode" to "true" in the server.properties file.
[16:30:12] [Server thread/INFO]: Preparing level "world"
[16:30:12] [Server thread/INFO]: Preparing start region for dimension minecraft:overworld
[16:30:13] [Server thread/INFO]: Time elapsed: 332 ms
[16:30:13] [Server thread/INFO]: Preparing start region for dimension minecraft:the_end
[16:30:13] [Server thread/INFO]: Time elapsed: 103 ms
[16:30:13] [Server thread/INFO]: [ViaVersion] Enabling ViaVersion v4.9.3
[16:30:13] [Server thread/INFO]: [ViaVersion] ViaVersion detected server version: 1.20/1.20.1 (763)
[16:30:13] [Server thread/INFO]: [PlaceholderAPI] Enabling PlaceholderAPI v2.11.6
[16:30:13] [Server thread/INFO]: [PlaceholderAPI] Fetching available expansion information...
[16:30:13] [Server thread/INFO]: [ViaBackwards] Enabling ViaBackwards v4.9.2
[16:30:13] [Server thread/INFO]: [DeluxeHub] Enabling DeluxeHub v3.5.5
[16:30:13] [Server thread/INFO]: [DeluxeHub]  _   _            _          _    _ 
[16:30:13] [Server thread/INFO]: [DeluxeHub] | \ |_ |  | | \/ |_ |_| | | |_)   _)
[16:30:13] [Server thread/INFO]: [DeluxeHub] |_/ |_ |_ |_| /\ |_ | | |_| |_)   _)
[16:30:13] [Server thread/INFO]: [DeluxeHub] 
[16:30:13] [Server thread/INFO]: [DeluxeHub] Version: 3.5.5
[16:30:13] [Server thread/INFO]: [DeluxeHub] Author: ItsLewizzz
[16:30:13] [Server thread/INFO]: [DeluxeHub] 
[16:30:13] [Server thread/INFO]: [DeluxeHub]  Hooked into PlaceholderAPI
[16:30:13] [Server thread/INFO]: [DeluxeHub] Loaded custom menu 'serverselector'.
[16:30:14] [Server thread/INFO]: [NBTAPI] [NBTAPI] Found Spigot: v1_20_R1! Trying to find NMS support
[16:30:14] [Server thread/INFO]: [NBTAPI] [NBTAPI] NMS support 'MC1_20_R1' loaded!
[16:30:14] [Server thread/INFO]: [NBTAPI] [NBTAPI] Using the plugin 'DeluxeHub' to create a bStats instance!
[16:30:14] [Server thread/INFO]: [DeluxeHub] Loaded 17 plugin modules.
[16:30:14] [Server thread/INFO]: [DeluxeHub] 
[16:30:14] [Server thread/INFO]: [DeluxeHub] Successfully loaded in 751ms
[16:30:14] [Server thread/INFO]: [Essentials] Enabling Essentials v2.20.1
[16:30:14] [Server thread/INFO]: [Essentials] Attempting to convert old kits in config.yml to new kits.yml
[16:30:14] [Server thread/INFO]: [Essentials] No kits found to migrate.
[16:30:14] [Server thread/INFO]: [Essentials] Starting Essentials ban format conversion
[16:30:14] [Server thread/INFO]: [Essentials] Found 1 files to convert...
[16:30:14] [Server thread/INFO]: [Essentials] Converted 0/1
[16:30:14] [Server thread/INFO]: [Essentials] Ban format update complete.
[16:30:14] [Server thread/INFO]: [Essentials] Attempting to migrate ignore list to UUIDs
[16:30:14] [Server thread/INFO]: [Essentials] Done converting ignore list.
[16:30:14] [Server thread/INFO]: [Essentials] Attempting to migrate legacy userdata keys to Configurate
[16:30:14] [Server thread/INFO]: [Essentials] Done converting legacy userdata keys to Configurate.
[16:30:14] [Server thread/INFO]: [Essentials] Done converting mail list.
[16:30:14] [Server thread/INFO]: [Essentials] #===========================================================================#
[16:30:14] [Server thread/INFO]: [Essentials]  EssentialsX will now purge any NPC accounts which were incorrectly created.
[16:30:14] [Server thread/INFO]: [Essentials]  Only NPC accounts with the default starting balance will be deleted. If
[16:30:14] [Server thread/INFO]: [Essentials]  they turn out to be valid NPC accounts, they will be re-created as needed.
[16:30:14] [Server thread/INFO]: [Essentials]  Any files deleted here will be backed up to the 
[16:30:14] [Server thread/INFO]: [Essentials]  "plugins/Essentials/userdata-npc-backup" folder. If you notice any files
[16:30:14] [Server thread/INFO]: [Essentials]  have been purged incorrectly, you should restore it from the backup and
[16:30:14] [Server thread/INFO]: [Essentials]  report it to us on GitHub:
[16:30:14] [Server thread/INFO]: [Essentials]  https://github.com/EssentialsX/Essentials/issues/new/choose
[16:30:14] [Server thread/INFO]: [Essentials] 
[16:30:14] [Server thread/INFO]: [Essentials]  NOTE: This is a one-time process and will take several minutes if you have
[16:30:14] [Server thread/INFO]: [Essentials]  a lot of userdata files! If you interrupt this process, EssentialsX will
[16:30:14] [Server thread/INFO]: [Essentials]  skip the process until you rename or remove the backup folder.
[16:30:14] [Server thread/INFO]: [Essentials] #===========================================================================#
[16:30:14] [Server thread/INFO]: [Essentials] Found ~1 files under "plugins/Essentials/userdata"...
[16:30:14] [Server thread/INFO]: [Essentials] #===========================================================================#
[16:30:14] [Server thread/INFO]: [Essentials]  EssentialsX has finished purging NPC accounts.
[16:30:14] [Server thread/INFO]: [Essentials] 
[16:30:14] [Server thread/INFO]: [Essentials]  Deleted accounts: 0
[16:30:14] [Server thread/INFO]: [Essentials]  Total accounts processed: 1
[16:30:14] [Server thread/INFO]: [Essentials] 
[16:30:14] [Server thread/INFO]: [Essentials]  Purged accounts have been backed up to
[16:30:14] [Server thread/INFO]: [Essentials]  "plugins/Essentials/userdata-npc-backup", and can be restored from there
[16:30:14] [Server thread/INFO]: [Essentials]  if needed. Please report any files which have been incorrectly deleted
[16:30:14] [Server thread/INFO]: [Essentials]  to us on GitHub:
[16:30:14] [Server thread/INFO]: [Essentials]  https://github.com/EssentialsX/Essentials/issues/new/choose
[16:30:14] [Server thread/INFO]: [Essentials] #===========================================================================#
[16:30:15] [Server thread/INFO]: [Essentials] Loaded 39094 items from items.json.
[16:30:15] [Server thread/INFO]: [Essentials] Using locale en
[16:30:15] [Server thread/INFO]: [Essentials] ServerListPingEvent: Spigot iterator API
[16:30:15] [Server thread/INFO]: [Essentials] Starting Metrics. Opt-out using the global bStats config.
[16:30:15] [Server thread/INFO]: [Vault] [Economy] Essentials Economy hooked.
[16:30:15] [Server thread/INFO]: [Essentials] Using Vault based permissions (LuckPerms)
[16:30:15] [Server thread/INFO]: [ViaRewind-Legacy-Support] Enabling ViaRewind-Legacy-Support v1.4.2
[16:30:15] [Server thread/INFO]: [Citizens] Enabling Citizens v2.0.29-SNAPSHOT (build 2500)
[16:30:15] [Server thread/ERROR]: [Citizens] v2.0.29-SNAPSHOT (build 2500) is not compatible with Minecraft v1_20_R1 - try upgrading or downgrading Citizens. Disabling.
[16:30:15] [Server thread/INFO]: [Citizens] Disabling Citizens v2.0.29-SNAPSHOT (build 2500)
[16:30:15] [Server thread/ERROR]: Error occurred (in the plugin loader) while disabling Citizens v2.0.29-SNAPSHOT (build 2500) (Is it up to date?)
java.lang.NullPointerException: Cannot invoke "net.citizensnpcs.util.NMSBridge.shutdown()" because "net.citizensnpcs.util.NMS.BRIDGE" is null
	at net.citizensnpcs.util.NMS.shutdown(NMS.java:601) ~[Citizens-2.0.29-b2500.jar:?]
	at net.citizensnpcs.Citizens.onDisable(Citizens.java:299) ~[Citizens-2.0.29-b2500.jar:?]
	at org.bukkit.plugin.java.JavaPlugin.setEnabled(JavaPlugin.java:283) ~[paper-api-1.20.1-R0.1-SNAPSHOT.jar:?]
	at io.papermc.paper.plugin.manager.PaperPluginInstanceManager.disablePlugin(PaperPluginInstanceManager.java:224) ~[paper-1.20.1.jar:git-Paper-196]
	at io.papermc.paper.plugin.manager.PaperPluginManagerImpl.disablePlugin(PaperPluginManagerImpl.java:109) ~[paper-1.20.1.jar:git-Paper-196]
	at org.bukkit.plugin.SimplePluginManager.disablePlugin(SimplePluginManager.java:537) ~[paper-api-1.20.1-R0.1-SNAPSHOT.jar:?]
	at net.citizensnpcs.Citizens.onEnable(Citizens.java:318) ~[Citizens-2.0.29-b2500.jar:?]
	at org.bukkit.plugin.java.JavaPlugin.setEnabled(JavaPlugin.java:281) ~[paper-api-1.20.1-R0.1-SNAPSHOT.jar:?]
	at io.papermc.paper.plugin.manager.PaperPluginInstanceManager.enablePlugin(PaperPluginInstanceManager.java:189) ~[paper-1.20.1.jar:git-Paper-196]
	at io.papermc.paper.plugin.manager.PaperPluginManagerImpl.enablePlugin(PaperPluginManagerImpl.java:104) ~[paper-1.20.1.jar:git-Paper-196]
	at org.bukkit.plugin.SimplePluginManager.enablePlugin(SimplePluginManager.java:507) ~[paper-api-1.20.1-R0.1-SNAPSHOT.jar:?]
	at org.bukkit.craftbukkit.v1_20_R1.CraftServer.enablePlugin(CraftServer.java:642) ~[paper-1.20.1.jar:git-Paper-196]
	at org.bukkit.craftbukkit.v1_20_R1.CraftServer.enablePlugins(CraftServer.java:553) ~[paper-1.20.1.jar:git-Paper-196]
	at net.minecraft.server.MinecraftServer.loadWorld0(MinecraftServer.java:635) ~[paper-1.20.1.jar:git-Paper-196]
	at net.minecraft.server.MinecraftServer.loadLevel(MinecraftServer.java:434) ~[paper-1.20.1.jar:git-Paper-196]
	at net.minecraft.server.dedicated.DedicatedServer.initServer(DedicatedServer.java:308) ~[paper-1.20.1.jar:git-Paper-196]
	at net.minecraft.server.MinecraftServer.runServer(MinecraftServer.java:1100) ~[paper-1.20.1.jar:git-Paper-196]
	at net.minecraft.server.MinecraftServer.lambda$spin$0(MinecraftServer.java:317) ~[paper-1.20.1.jar:git-Paper-196]
	at java.lang.Thread.run(Thread.java:1583) ~[?:?]
[16:30:15] [Server thread/INFO]: [TAB] Enabling TAB v5.0.7
[16:30:15] [Server thread/INFO]: [TAB] Loaded NMS hook in 140ms
[16:30:16] [Server thread/INFO]: [TAB] Enabled in 291ms
[16:30:16] [Server thread/INFO]: [EssentialsSpawn] Enabling EssentialsSpawn v2.20.1
[16:30:16] [Server thread/INFO]: [EssentialsSpawn] Starting Metrics. Opt-out using the global bStats config.
[16:30:16] [Server thread/INFO]: [EssentialsChat] Enabling EssentialsChat v2.20.1
[16:30:16] [Server thread/INFO]: [EssentialsChat] Starting Metrics. Opt-out using the global bStats config.
[16:30:16] [Server thread/INFO]: [GadgetsMenu] Enabling GadgetsMenu v4.17.0
[16:30:16] [Server thread/INFO]: [GadgetsMenu] ------------------------------------------------------
[16:30:16] [Server thread/INFO]: [GadgetsMenu]    GadgetsMenu is no longer support server 1.20.1.
[16:30:16] [Server thread/INFO]: [GadgetsMenu]    Please update the server to the latest supported
[16:30:16] [Server thread/INFO]: [GadgetsMenu]         version. The plugin will be disabled.
[16:30:16] [Server thread/INFO]: [GadgetsMenu] ------------------------------------------------------
[16:30:16] [Server thread/INFO]: [GadgetsMenu] Disabling GadgetsMenu v4.17.0
[16:30:16] [Server thread/INFO]: [PlaceholderAPI] Placeholder expansion registration initializing...
[16:30:16] [Server thread/INFO]: Running delayed init tasks
[16:30:16] [Server thread/INFO]: [Essentials] Essentials found a compatible payment resolution method: Vault Compatibility Layer (v1.7.3-b131)!
[16:30:16] [Server thread/INFO]: 0 placeholder hook(s) registered!
[16:30:16] [Craft Scheduler Thread - 2 - ViaVersion/INFO]: [ViaVersion] Finished mapping loading, shutting down loader executor!
[16:30:16] [Craft Scheduler Thread - 1 - Essentials/INFO]: [Essentials] Fetching version information...
[16:30:16] [Craft Scheduler Thread - 0 - Vault/INFO]: [Vault] Checking for Updates ... 
[16:30:16] [Server thread/INFO]: Done (10.544s)! For help, type "help"
[16:30:16] [Server thread/INFO]: Timings Reset
[16:30:17] [Craft Scheduler Thread - 0 - Vault/INFO]: [Vault] No new version available
[16:30:17] [Server thread/WARN]: [ViaVersion] There is a newer plugin version available: 5.2.1, you're on: 4.9.3
[16:30:17] [User Authenticator #0/INFO]: UUID of player ysyyayyyayya is 6cd4e570-7a49-3521-8e89-4b4b5c6269c5
[16:30:17] [Netty Epoll Server IO #1/WARN]: [ViaBackwards] Custom worlds heights are NOT SUPPORTED for 1.16 players and older and may lead to errors!
[16:30:17] [Netty Epoll Server IO #1/WARN]: [ViaBackwards] You have min/max set to -64/256
[16:30:17] [Server thread/INFO]: + ysyyayyyayya Connected
[16:30:17] [Server thread/INFO]: ysyyayyyayya[/127.0.0.1:56642] logged in with entity id 1 at ([world]242.7003099439786, 62.0, 1341.1912975928155)
[16:30:18] [Netty Epoll Server IO #1/WARN]: [ViaBackwards] Ignoring plugin channel in incoming REGISTER: EAG|GetDomain
[16:30:18] [Netty Epoll Server IO #1/WARN]: [ViaBackwards] Ignoring plugin channel in incoming REGISTER: EAG|Voice-1.8
[16:30:18] [Netty Epoll Server IO #1/WARN]: [ViaBackwards] Ignoring plugin channel in incoming REGISTER: EAG|1.8
[16:30:18] [Netty Epoll Server IO #1/WARN]: [ViaBackwards] Ignoring plugin channel in incoming REGISTER: EAG|UpdateCert-1.8
[16:30:18] [Netty Epoll Server IO #1/WARN]: [ViaBackwards] Ignoring plugin channel in incoming REGISTER: EAG|1.8-RPC
[16:30:18] [Netty Epoll Server IO #1/WARN]: [ViaBackwards] Ignoring plugin channel in incoming REGISTER: EAG|Skins-1.8
[16:30:18] [Netty Epoll Server IO #1/WARN]: [ViaBackwards] Ignoring plugin channel in incoming REGISTER: EAG|1.8-Ready
[16:30:18] [Netty Epoll Server IO #1/WARN]: [ViaBackwards] Ignoring plugin channel in incoming REGISTER: EAG|FNAWSEn-1.8
[16:30:18] [Netty Epoll Server IO #1/WARN]: [ViaBackwards] Ignoring plugin channel in incoming REGISTER: EAG|Capes-1.8
[16:30:18] [Netty Epoll Server IO #1/WARN]: [ViaBackwards] Ignoring incoming plugin message with channel: EAG|1.8-Ready
[16:30:28] [Server thread/INFO]: ysyyayyyayya issued server command: /pl
[16:31:01] [Server thread/INFO]: ysyyayyyayya lost connection: Disconnected
[16:31:01] [Server thread/INFO]: - ysyyayyyayya Disconnected
[16:31:06] [Server thread/INFO]: Stopping the server
[16:31:07] [Server thread/INFO]: Stopping server
[16:31:07] [Server thread/INFO]: [EssentialsChat] Disabling EssentialsChat v2.20.1
[16:31:07] [Server thread/INFO]: [EssentialsSpawn] Disabling EssentialsSpawn v2.20.1
[16:31:07] [Server thread/INFO]: [TAB] Disabling TAB v5.0.7
[16:31:07] [Server thread/INFO]: [TAB] Disabled in 1ms
[16:31:07] [Server thread/INFO]: [ViaRewind-Legacy-Support] Disabling ViaRewind-Legacy-Support v1.4.2
[16:31:07] [Server thread/INFO]: [Essentials] Disabling Essentials v2.20.1
[16:31:07] [Server thread/INFO]: [Vault] [Economy] Essentials Economy unhooked.
[16:31:07] [Server thread/INFO]: [ViaRewind] Disabling ViaRewind v3.0.6
[16:31:07] [Server thread/INFO]: [DeluxeHub] Disabling DeluxeHub v3.5.5
[16:31:07] [Server thread/INFO]: [Vault] Disabling Vault v1.7.3-b131
[16:31:07] [Server thread/INFO]: [ViaBackwards] Disabling ViaBackwards v4.9.2
[16:31:07] [Server thread/INFO]: [PlaceholderAPI] Disabling PlaceholderAPI v2.11.6
[16:31:07] [Server thread/INFO]: [LuckPerms] Disabling LuckPerms v5.4.131
[16:31:07] [Server thread/INFO]: [LuckPerms] Starting shutdown process...
[16:31:07] [Server thread/INFO]: [LuckPerms] Closing storage...
[16:31:07] [Server thread/INFO]: [LuckPerms] Goodbye!
[16:31:07] [Server thread/INFO]: [ViaVersion] Disabling ViaVersion v4.9.3
[16:31:07] [Server thread/INFO]: [ViaVersion] ViaVersion is disabling, if this is a reload and you experience issues consider rebooting.
[16:31:07] [Server thread/INFO]: Saving players
[16:31:07] [Server thread/INFO]: Saving worlds
[16:31:07] [Server thread/INFO]: Saving chunks for level 'ServerLevel[world]'/minecraft:overworld
[16:31:07] [Server thread/INFO]: [ChunkHolderManager] Waiting 60s for chunk system to halt for world 'world'
[16:31:07] [Server thread/INFO]: [ChunkHolderManager] Halted chunk system for world 'world'
[16:31:07] [Server thread/INFO]: [ChunkHolderManager] Saving all chunkholders for world 'world'
[16:31:08] [Server thread/INFO]: [ChunkHolderManager] Saved 830 block chunks, 803 entity chunks, 0 poi chunks in world 'world' in 1.72s
[16:31:08] [Server thread/INFO]: ThreadedAnvilChunkStorage (world): All chunks are saved
[16:31:08] [Server thread/INFO]: Saving chunks for level 'ServerLevel[world_the_end]'/minecraft:the_end
[16:31:08] [Server thread/INFO]: [ChunkHolderManager] Waiting 60s for chunk system to halt for world 'world_the_end'
[16:31:08] [Server thread/INFO]: [ChunkHolderManager] Halted chunk system for world 'world_the_end'
[16:31:08] [Server thread/INFO]: [ChunkHolderManager] Saving all chunkholders for world 'world_the_end'
[16:31:09] [Server thread/INFO]: [ChunkHolderManager] Saved 529 block chunks, 529 entity chunks, 0 poi chunks in world 'world_the_end' in 0.19s
[16:31:09] [Server thread/INFO]: ThreadedAnvilChunkStorage (DIM1): All chunks are saved
[16:31:09] [Server thread/INFO]: ThreadedAnvilChunkStorage: All dimensions are saved
[16:31:09] [Server thread/INFO]: Flushing Chunk IO
[16:31:09] [Server thread/INFO]: Closing Thread Pool
[16:31:09] [Server thread/INFO]: Closing Server
