[23/12/2024 16:39:21] ItzOverWolf won Enchanted Book (ID: enchanted_book5, Weight: 25.0) from Insane Crate (ID: insane)
[23/12/2024 16:39:22] ItzOverWolf won Spectral Arrow (ID: spectral_arrow, Weight: 25.0) from Wild Crate (ID: wild)
[23/12/2024 16:39:23] ItzOverWolf won Diamond Boots (ID: diamond_boots, Weight: 25.0) from Wild Crate (ID: wild)
[23/12/2024 16:39:25] ItzOverWolf won Chainmail Chestplate (ID: chainmail_chestplate, Weight: 25.0) from Vote Crate (ID: vote)
[23/12/2024 16:39:25] ItzOverWolf won Chainmail Chestplate (ID: chainmail_chestplate, Weight: 25.0) from Vote Crate (ID: vote)
[23/12/2024 16:39:26] ItzOverWolf won Water Bucket (ID: water_bucket, Weight: 25.0) from Vote Crate (ID: vote)
[23/12/2024 17:09:47] ItzOverWolf won Netherite Sword (ID: netherite_sword, Weight: 25.0) from Insane Crate (ID: insane)
[23/12/2024 17:09:48] ItzOverWolf won Diamond Chestplate (ID: diamond_chestplate, Weight: 25.0) from Wild Crate (ID: wild)
[23/12/2024 17:09:49] ItzOverWolf won Chainmail Boots (ID: chainmail_boots, Weight: 25.0) from Vote Crate (ID: vote)
[23/12/2024 17:10:04] ItzOverWolf won Iron Shovel (ID: iron_shovel, Weight: 25.0) from Vote Crate (ID: vote)
[23/12/2024 17:10:04] ItzOverWolf won Iron Sword (ID: iron_sword, Weight: 25.0) from Vote Crate (ID: vote)
[23/12/2024 17:10:04] ItzOverWolf won Iron Shovel (ID: iron_shovel, Weight: 25.0) from Vote Crate (ID: vote)
[23/12/2024 17:10:04] ItzOverWolf won Water Bucket (ID: water_bucket, Weight: 25.0) from Vote Crate (ID: vote)
[01/03/2025 10:44:18] ItzOverWolf won Spyglass (ID: spyglass, Weight: 25.0) from Vote Crate (ID: vote)
[01/03/2025 10:44:19] ItzOverWolf won Enchanted Book (ID: enchanted_book1, Weight: 25.0) from Insane Crate (ID: insane)
[17/03/2025 18:05:30] ysyyayyyayya won Enchanted Book (ID: enchanted_book7, Weight: 25.0) from Insane Crate (ID: insane)
[17/03/2025 18:05:34] ysyyayyyayya won Netherite Boots (ID: netherite_boots, Weight: 25.0) from Insane Crate (ID: insane)
[17/03/2025 18:05:38] ysyyayyyayya won Netherite Pickaxe (ID: netherite_pickaxe, Weight: 25.0) from Insane Crate (ID: insane)
[17/03/2025 18:05:53] ysyyayyyayya won Netherite Pickaxe (ID: netherite_pickaxe, Weight: 25.0) from Insane Crate (ID: insane)
[17/03/2025 18:05:54] ysyyayyyayya won Enchanted Book (ID: enchanted_book7, Weight: 25.0) from Insane Crate (ID: insane)
[17/03/2025 18:05:54] ysyyayyyayya won Netherite Chestplate (ID: netherite_chestplate, Weight: 25.0) from Insane Crate (ID: insane)
[17/03/2025 18:05:54] ysyyayyyayya won Netherite Pickaxe (ID: netherite_pickaxe, Weight: 25.0) from Insane Crate (ID: insane)
[17/03/2025 18:05:54] ysyyayyyayya won Netherite Helmet (ID: netherite_helmet, Weight: 25.0) from Insane Crate (ID: insane)
[17/03/2025 18:05:55] ysyyayyyayya won Enchanted Book (ID: enchanted_book6, Weight: 25.0) from Insane Crate (ID: insane)
[17/03/2025 18:05:55] ysyyayyyayya won Netherite Shovel (ID: netherite_shovel, Weight: 25.0) from Insane Crate (ID: insane)
